fa.mot
32/anm/thiki.lz
miyama/anm/mytb0.lz
miyama/anm/mytb1.lz
miyama/anm/mydm0.lz
miyama/anm/mydm0m.lz
miyama/anm/mydm1.lz
miyama/anm/mydm1m.lz
miyama/anm/mydm2.lz
miyama/anm/mydm2m.lz
miyama/anm/myido0.lz
miyama/anm/myido1.lz
miyama/anm/mycom0.lz
miyama/anm/mycom0m.lz
miyama/anm/myatc2.lz
miyama/anm/myatc2m.lz
miyama/anm/myatc3.lz
miyama/anm/myatc3m.lz
miyama/anm/mycom0.lz
miyama/anm/mycom0m.lz
miyama/anm/mycom1.lz
miyama/anm/mycom1m.lz
miyama/anm/mycom2.lz
miyama/anm/mycom2m.lz
nijiiro/anm/njnage.lz
miyama/anm/jp_my0s.lz
miyama/anm/mysasi.lz
miyama/anm/nj_my0.lz
japan/anm/hm_my.lz
miyama/anm/mytos2.lz
miyama/anm/mkbks.lz
miyama/anm/mycyg.lz
miyama/anm/32ftb0.lz
miyama/anm/32ftb1.lz
miyama/anm/jp_my1s.lz
32/anm/32uke.lz
japan/anm/a2dmgk.lz
miyama/anm/hr_my0.lz
miyama/anm/mytos2.lz
miyama/anm/mytos2.lz
miyama/anm/my_my0s.lz
japan/anm/a2puru.lz
japan/anm/kwhyoi.lz
