hk.mot
15/anm/hkiki.lz
jptob/anm/kbttob0.lz
jptob/anm/kbttob1.lz
japan/anm/jpdmg2.lz
japan/anm/jpdmg4.lz
japan/anm/jpdmg0.lz
japan/anm/jpdmg1.lz
japan/anm/jpdmg3.lz
japan/anm/jpdmg5.lz
japan/anm/jpido0.lz
japan/anm/jpido1.lz
japan/anm/jpkgk0.lz
japan/anm/jpkgk1.lz
japan/anm/jphri0.lz
japan/anm/jphri1.lz
japan/anm/jptki0.lz
japan/anm/jptki1.lz
japan/anm/cmb0.lz
japan/anm/cmb0m.lz
japan/anm/cmb1.lz
japan/anm/cmb1m.lz
japan/anm/cmb2.lz
japan/anm/cmb2m.lz
japan/anm/ttkn.lz
japan/anm/ngrr0.lz
japan/anm/sasi.lz
nijiiro/anm/nj_nj0.lz
japan/anm/hm_jp.lz
jptob/anm/kbttob2.lz
japan/anm/bkstp.lz
japan/anm/cyg.lz
herakure/anm/hrftb0.lz
herakure/anm/hrftb1.lz
japan/anm/ngrr1.lz
japan/anm/a2uke.lz
japan/anm/a2dmg.lz
japan/anm/hrdkn.lz
japan/anm/tos2.lz
japan/anm/tos2.lz
japan/anm/mynr0s.lz
japan/anm/a2puru.lz
japan/anm/hyoi.lz
