hm.mot
hmiki/anm/hmiki.lz
hmtobi/anm/hmtob0.lz
hmtobi/anm/hmtob1.lz
japan/anm/jpdmg2.lz
japan/anm/jpdmg4.lz
japan/anm/jpdmg0.lz
japan/anm/jpdmg1.lz
japan/anm/jpdmg3.lz
japan/anm/jpdmg5.lz
hmiki/anm/hmido0.lz
hmiki/anm/hmido1.lz
hmiki/anm/hmcom0.lz
hmiki/anm/hmcom0m.lz
hmiki/anm/hmatc1.lz
hmiki/anm/hmcom1m.lz
hmiki/anm/hmatc2.lz
hmiki/anm/hmcom2m.lz
hmiki/anm/hmcom0.lz
hmiki/anm/hmcom0m.lz
hmiki/anm/hmcom1.lz
hmiki/anm/hmcom1m.lz
hmiki/anm/hmcom2.lz
hmiki/anm/hmcom2m.lz
japan/anm/ttkn.lz
japan/anm/ngrr0.lz
japan/anm/sasi.lz
miyama/anm/nj_jp0.lz
japan/anm/hm_jp.lz
24tob/anm/tntos2.lz
hmiki/anm/25bkstp.lz
hmiki/anm/hmcha.lz
herakure/anm/hrftb0.lz
herakure/anm/hrftb1.lz
japan/anm/ngrr1.lz
japan/anm/a2uke.lz
japan/anm/a2dmg26.lz
japan/anm/hrdkn.lz
japan/anm/tos2.lz
japan/anm/tos2.lz
japan/anm/mynr0s.lz
japan/anm/a2puru.lz
japan/anm/hmhyoi.lz
