jp.mot
japan/anm/jpiki.lz
jptob/anm/kbttob0.lz
jptob/anm/kbttob1.lz
japan/anm/jpdmg2.lz
japan/anm/jpdmg4.lz
japan/anm/jpdmg0.lz
japan/anm/jpdmg1.lz
japan/anm/jpdmg3.lz
japan/anm/jpdmg5.lz
japan/anm/jpido0.lz
japan/anm/jpido1.lz
japan/anm/neocmb0.lz
japan/anm/neocmb0m.lz
japan/anm/neokgk1.lz
japan/anm/neocmb1m.lz
japan/anm/neokgk2.lz
japan/anm/neocmb2m.lz
japan/anm/neocmb0.lz
japan/anm/neocmb0m.lz
japan/anm/neocmb1.lz
japan/anm/neocmb1m.lz
japan/anm/neocmb2.lz
japan/anm/neocmb2m.lz
japan/anm/ttkn.lz
japan/anm/ngrr0.lz
japan/anm/sasi.lz
miyama/anm/nj_jp0.lz
japan/anm/hm_jp.lz
jptob/anm/kbttob2.lz
japan/anm/bkstp.lz
japan/anm/cyg.lz
herakure/anm/hrftb0.lz
herakure/anm/hrftb1.lz
japan/anm/ngrr1.lz
japan/anm/a2uke.lz
japan/anm/a2dmg.lz
japan/anm/hrdkn.lz
japan/anm/tos2.lz
japan/anm/tos2.lz
japan/anm/mynr0s.lz
japan/anm/a2puru.lz
japan/anm/hyoi.lz
