km.mot
47/anm/47iki.lz
47tob/anm/47tos0.lz
47tob/anm/47tos1.lz
47/anm/47dmg0.lz
47/anm/47dmg0m.lz
47/anm/47dmg1.lz
47/anm/47dmg1m.lz
47/anm/47dmg2.lz
47/anm/47dmg2m.lz
47/anm/47ido0.lz
47/anm/47ido1.lz
47/anm/geki0.lz
47/anm/geki0m.lz
47/anm/geki1.lz
47/anm/geki1m.lz
47/anm/geki2.lz
47/anm/geki2m.lz
47/anm/cmb0.lz
47/anm/cmb0m.lz
47/anm/cmb1.lz
47/anm/cmb1m.lz
47/anm/cmb2.lz
47/anm/cmb2m.lz
47/anm/47rnb.lz
47/anm/jp_470s.lz
47/anm/47sasi.lz
47/anm/my_470s.lz
47/anm/47sdmg.lz
47tob/anm/47tos2.lz
47tob/anm/47bkstp.lz
47/anm/47cyg.lz
47/anm/47ftb0.lz
47/anm/47ftb1.lz
47/anm/jp_471s.lz
47/anm/47uke.lz
japan/anm/a2dmg47.lz
47/anm/hr_470s.lz
japan/anm/a2puru.lz
japan/anm/a2puru.lz
47/anm/my_470s.lz
47/anm/47ple.lz
japan/anm/47hyoi.lz
