my.mot
miyama/anm/myiki.lz
miyama/anm/mytb0.lz
miyama/anm/mytb1.lz
miyama/anm/mydm0.lz
miyama/anm/mydm0m.lz
miyama/anm/mydm1.lz
miyama/anm/mydm1m.lz
miyama/anm/mydm2.lz
miyama/anm/mydm2m.lz
miyama/anm/myido0.lz
miyama/anm/myido1.lz
miyama/anm/kgcomb0.lz
miyama/anm/kgcomb0m.lz
miyama/anm/kgatc1.lz
miyama/anm/kgcomb1m.lz
miyama/anm/kgatc2.lz
miyama/anm/kgcomb2m.lz
miyama/anm/kgcomb0.lz
miyama/anm/kgcomb0m.lz
miyama/anm/kgcomb1.lz
miyama/anm/kgcomb1m.lz
miyama/anm/kgcomb2.lz
miyama/anm/kgcomb2m.lz
miyama/anm/mynage.lz
miyama/anm/jp_my0s.lz
miyama/anm/mysasi.lz
miyama/anm/nj_my0.lz
japan/anm/hm_my.lz
miyama/anm/mytos2.lz
miyama/anm/mkbks.lz
miyama/anm/mycyg.lz
miyama/anm/32ftb0.lz
miyama/anm/32ftb1.lz
miyama/anm/jp_my1s.lz
32/anm/32uke.lz
japan/anm/a2dmgk.lz
miyama/anm/hr_my0.lz
miyama/anm/mytos2.lz
miyama/anm/mytos2.lz
miyama/anm/my_my0s.lz
japan/anm/a2puru.lz
japan/anm/kwhyoi.lz
