np.mot
npcnml/anm/npiki.lz
jptob/anm/kbttob0.lz
jptob/anm/kbttob1.lz
herakure/anm/hrdmg2.lz
herakure/anm/hrdmg2m.lz
herakure/anm/hrdmg1.lz
herakure/anm/hrdmg1m.lz
herakure/anm/hrdmg3.lz
herakure/anm/hrdmg3m.lz
herakure/anm/hrido0.lz
herakure/anm/hrido1.lz
japan/anm/03cmb0.lz
japan/anm/03cmb0m.lz
japan/anm/03gek1.lz
japan/anm/03cmb1m.lz
japan/anm/03gek2.lz
japan/anm/03cmb2m.lz
japan/anm/03cmb0.lz
japan/anm/03cmb0m.lz
japan/anm/03cmb1.lz
japan/anm/03cmb1m.lz
japan/anm/03cmb2.lz
japan/anm/03cmb2m.lz
herakure/anm/hrnag.lz
japan/anm/ngrr0.lz
herakure/anm/hrsasi.lz
npcnml/anm/tos0.lz
japan/anm/hm_jp.lz
jptob/anm/kbttob2.lz
herakure/anm/bkstp.lz
japan/anm/cyg.lz
herakure/anm/hrftb0.lz
herakure/anm/hrftb1.lz
japan/anm/ngrr1.lz
japan/anm/a2uke.lz
japan/anm/a2dmg.lz
herakure/anm/hrdmg1.lz
herakure/anm/hrnr0x.lz
herakure/anm/hrnr1x.lz
npcnml/anm/tos2.lz
japan/anm/a2puru.lz
japan/anm/hyoi.lz
