sk.mot
51/anm/skiki.lz
51/anm/51tob0.lz
51/anm/51tob1.lz
51/anm/51dmg0.lz
51/anm/51dmg0m.lz
51/anm/51dmg1.lz
51/anm/51dmg1m.lz
51/anm/51dmg2.lz
51/anm/51dmg2m.lz
51/anm/51ido0.lz
51/anm/51ido1.lz
51/anm/51atc1.lz
51/anm/51con0m.lz
51/anm/51atc2.lz
51/anm/51con1m.lz
51/anm/51con2.lz
51/anm/51con2m.lz
51/anm/51con0.lz
51/anm/51con0m.lz
51/anm/51con1.lz
51/anm/51con1m.lz
51/anm/51con2.lz
51/anm/51con2m.lz
japan/anm/ttkn.lz
51/anm/01_51.lz
japan/anm/sasi.lz
miyama/anm/nj_jp0.lz
51/anm/51sdmg.lz
51/anm/51tob2.lz
51/anm/51bkstp.lz
51/anm/51chag.lz
51/anm/51ftb0.lz
51/anm/51ftb1.lz
51/anm/51ngrr1.lz
51/anm/51uke.lz
51/anm/a2dmg51.lz
51/anm/02_51.lz
japan/anm/tos2.lz
japan/anm/tos2.lz
51/anm/32_510s.lz
japan/anm/a2puru.lz
51/anm/51hyoi.lz
