sp.mot
boss/anm/bossiki.lz
boss/anm/bosstos0.lz
boss/anm/bosstos1.lz
boss/anm/bosdm0.lz
boss/anm/bosdm0m.lz
boss/anm/bosdm1.lz
boss/anm/bosdm1m.lz
boss/anm/bosdm2.lz
boss/anm/bosdm2m.lz
boss/anm/bosido0.lz
boss/anm/bosido1.lz
boss/anm/boscom0.lz
boss/anm/boscom0m.lz
boss/anm/bosatc1.lz
boss/anm/boscom1m.lz
boss/anm/bosatc2.lz
boss/anm/boscom2m.lz
boss/anm/boscom0.lz
boss/anm/boscom0m.lz
boss/anm/boscom1.lz
boss/anm/boscom1m.lz
boss/anm/boscom2.lz
boss/anm/boscom2m.lz
japan/anm/ttkn.lz
japan/anm/ngrr0.lz
japan/anm/sasi.lz
miyama/anm/nj_jp0.lz
boss/anm/hm_bos.lz
boss/anm/bosstos2.lz
boss/anm/bosbks.lz
boss/anm/boschag.lz
boss/anm/bosftb0.lz
boss/anm/bosftb1.lz
japan/anm/ngrr1.lz
boss/anm/54uke.lz
japan/anm/a2dmg.lz
japan/anm/hrdkn.lz
japan/anm/tos2.lz
japan/anm/tos2.lz
japan/anm/mynr0s.lz
japan/anm/a2puru.lz
japan/anm/54hyoi.lz
