tc.mot
53/anm/kmoiki.lz
53/anm/53tos0.lz
53/anm/53tos1.lz
53/anm/kmdmg0.lz
53/anm/kmdmg0m.lz
53/anm/kmdmg1.lz
53/anm/kmdmg1m.lz
53/anm/kmdmg2.lz
53/anm/kmdmg2m.lz
53/anm/kmido0.lz
53/anm/kmido1.lz
53/anm/kmatc1.lz
53/anm/kmcom0m.lz
53/anm/kmatc2.lz
53/anm/kmcom1m.lz
53/anm/kmcom2.lz
53/anm/kmcom2m.lz
53/anm/kmcom0.lz
53/anm/kmcom0m.lz
53/anm/kmcom1.lz
53/anm/kmcom1m.lz
53/anm/kmcom2.lz
53/anm/kmcom2m.lz
japan/anm/ttkn.lz
53/anm/jp_km0.lz
japan/anm/sasi.lz
miyama/anm/nj_jp0.lz
53/anm/hm_km.lz
53/anm/53tos2.lz
53/anm/kmbks.lz
53/anm/kmchag.lz
53/anm/kmftb0.lz
53/anm/kmftb1.lz
53/anm/jp_km1.lz
53/anm/kma2uke.lz
53/anm/kma2dmg.lz
53/anm/02_530s.lz
japan/anm/tos2.lz
japan/anm/tos2.lz
53/anm/my_km0.lz
53/anm/kmtame.lz
53/anm/kmyoke.lz
