tn.mot
24/anm/tniki.lz
24tob/anm/tntos0.lz
24tob/anm/tntos1.lz
japan/anm/jpdmg2.lz
japan/anm/jpdmg4.lz
japan/anm/jpdmg0.lz
japan/anm/jpdmg1.lz
japan/anm/jpdmg3.lz
japan/anm/jpdmg5.lz
japan/anm/jpido0.lz
japan/anm/jpido1.lz
24/anm/tncom0.lz
24/anm/tncom0m.lz
24/anm/tnatc2.lz
24/anm/tnatc2m.lz
24/anm/tnatc3.lz
24/anm/tnatc3m.lz
24/anm/tncom0.lz
24/anm/tncom0m.lz
24/anm/tncom1.lz
24/anm/tncom1m.lz
24/anm/tncom2.lz
24/anm/tncom2m.lz
japan/anm/ttkn.lz
japan/anm/ngrr0.lz
japan/anm/sasi.lz
miyama/anm/nj_jp0.lz
japan/anm/hm_jp.lz
24tob/anm/tntos2.lz
japan/anm/bkstp.lz
24/anm/tncha.lz
24/anm/24ftb0.lz
24/anm/24ftb1.lz
japan/anm/ngrr1.lz
24/anm/24uke.lz
japan/anm/a2dmg24.lz
japan/anm/hrdkn.lz
japan/anm/tos2.lz
japan/anm/tos2.lz
japan/anm/mynr0s.lz
japan/anm/a2puru.lz
japan/anm/tnhyoi.lz
