ya.mot
09/anm/yaiki.lz
jptob/anm/kbttob0.lz
jptob/anm/kbttob1.lz
japan/anm/jpdmg2.lz
japan/anm/jpdmg4.lz
japan/anm/jpdmg0.lz
japan/anm/jpdmg1.lz
japan/anm/jpdmg3.lz
japan/anm/jpdmg5.lz
japan/anm/jpido0.lz
japan/anm/jpido1.lz
zosan/anm/08cmb0.lz
zosan/anm/08cmb0m.lz
zosan/anm/08geki1.lz
zosan/anm/08cmb1m.lz
zosan/anm/08geki2.lz
zosan/anm/08cmb2m.lz
zosan/anm/08cmb0.lz
zosan/anm/08cmb0m.lz
zosan/anm/08cmb1.lz
zosan/anm/08cmb1m.lz
zosan/anm/08cmb2.lz
zosan/anm/08cmb2m.lz
japan/anm/l_nage.lz
japan/anm/tos2.lz
japan/anm/l_sasi.lz
japan/anm/tos0.lz
japan/anm/hm_jp.lz
jptob/anm/kbttob2.lz
japan/anm/bkstp.lz
japan/anm/cyg.lz
herakure/anm/hrftb0.lz
herakure/anm/hrftb1.lz
japan/anm/tos2.lz
japan/anm/a2uke.lz
japan/anm/a2dmg.lz
japan/anm/tos2.lz
japan/anm/tos2.lz
japan/anm/tos2.lz
japan/anm/tos2.lz
japan/anm/a2puru.lz
japan/anm/hyoi.lz
