kirikabu\rsd\kiri.a
kirikabu\rsd\kiri.tex
bg03\rsd\bg03.a
bg03\rsd\bg03.tex
bg04\rsd\bg04.a
bg04\rsd\bg04.tex
bg05\rsd\bg05.a
bg05\rsd\bg05.tex
bg06\rsd\bg06.a
bg06\rsd\bg06.tex
bg07\rsd\bg07.a
bg07\rsd\bg07.tex
bg08\rsd\bg08.a
bg08\rsd\bg08.tex
bg09\rsd\bg09.a
bg09\rsd\bg09.tex
bg03y\rsd\bg03.a
bg03y\rsd\bg03.tex
bg05y\rsd\bg05.a
bg05y\rsd\bg05.tex
bg06y\rsd\bg06.a
bg06y\rsd\bg06.tex
bg07y\rsd\bg07.a
bg07y\rsd\bg07.tex
bg10\rsd\bg10.a
bg10\rsd\bg10.tex
bg11\rsd\bg11.a
bg11\rsd\bg11.tex
bg12\rsd\bg12.a
bg07y\rsd\bg07.tex
bg13\rsd\bg13.a
bg13\rsd\bg13.tex
bg99\rsd\bg99.a
bg99\rsd\bg99.tex
bg09y\rsd\bg09.a
bg09y\rsd\bg09.tex
bg98\rsd\bg98.a
bg98\rsd\bg98.tex
bglast\rsd\bglast.a
bglast\rsd\bglast.tex
bg97\rsd\bg97.a
bg97\rsd\bg97.tex
bg02y\rsd\kiri.a
bg02y\rsd\kiri.tex
bg10y\rsd\bg10.a
bg10y\rsd\bg10.tex
bg11y\rsd\bg11.a
bg11y\rsd\bg11.tex
bgmachi\rsd\bgmachi.a
bgmachi\rsd\bgmachi.tex
bg08y\rsd\bg08y.a
bg08y\rsd\bg08y.tex
bgsp\rsd\bgsp.a
bgsp\rsd\bgsp.tex
